2014-11-01 16:53:04.617 FreezeRay3[70290:70b] Apache Cordova native platform version 3.6.3 is starting.
2014-11-01 16:53:04.618 FreezeRay3[70290:70b] Multi-tasking -> Device: YES, App: YES
2014-11-01 16:53:04.626 FreezeRay3[70290:70b] Unlimited access to network resources
2014-11-01 16:53:04.643 FreezeRay3[70290:70b] [CDVTimer][keyboard] 0.047982ms
2014-11-01 16:53:04.643 FreezeRay3[70290:70b] [CDVTimer][TotalPluginStartup] 0.434995ms
2014-11-01 16:53:04.721 FreezeRay3[70290:70b] Resetting plugins due to page load.
2014-11-01 16:53:04.888 FreezeRay3[70290:70b] Finished load of: file:///Users/e/Library/Developer/CoreSimulator/Devices/E99CDBD9-BFA4-4DC4-9A4A-4C7AA15F068B/data/Applications/B4748203-C387-4D02-BF65-3CE45052393C/FreezeRay3.app/www/index.html#/wallet
2014-11-01 16:53:38.523 FreezeRay3[70480:70b] Apache Cordova native platform version 3.6.3 is starting.
2014-11-01 16:53:38.525 FreezeRay3[70480:70b] Multi-tasking -> Device: YES, App: YES
2014-11-01 16:53:38.531 FreezeRay3[70480:70b] Unlimited access to network resources
2014-11-01 16:53:38.545 FreezeRay3[70480:70b] [CDVTimer][keyboard] 0.075996ms
2014-11-01 16:53:38.545 FreezeRay3[70480:70b] [CDVTimer][TotalPluginStartup] 0.433981ms
2014-11-01 16:53:38.640 FreezeRay3[70480:70b] Resetting plugins due to page load.
2014-11-01 16:53:38.775 FreezeRay3[70480:70b] Finished load of: file:///Users/e/Library/Developer/CoreSimulator/Devices/E99CDBD9-BFA4-4DC4-9A4A-4C7AA15F068B/data/Applications/B4748203-C387-4D02-BF65-3CE45052393C/FreezeRay3.app/www/index.html#/welcome
2014-11-01 17:10:11.021 FreezeRay3[70775:70b] Apache Cordova native platform version 3.6.3 is starting.
2014-11-01 17:10:11.024 FreezeRay3[70775:70b] Multi-tasking -> Device: YES, App: YES
2014-11-01 17:10:11.029 FreezeRay3[70775:70b] Unlimited access to network resources
2014-11-01 17:10:11.047 FreezeRay3[70775:70b] [CDVTimer][keyboard] 0.072002ms
2014-11-01 17:10:11.047 FreezeRay3[70775:70b] [CDVTimer][TotalPluginStartup] 0.481009ms
2014-11-01 17:10:11.107 FreezeRay3[70775:70b] Resetting plugins due to page load.
2014-11-01 17:10:11.260 FreezeRay3[70775:70b] Finished load of: file:///Users/e/Library/Developer/CoreSimulator/Devices/E99CDBD9-BFA4-4DC4-9A4A-4C7AA15F068B/data/Applications/B4748203-C387-4D02-BF65-3CE45052393C/FreezeRay3.app/www/index.html#/welcome
2014-11-01 19:50:23.466 FreezeRay3[72069:2093057] DiskCookieStorage changing policy from 2 to 0, cookie file: file:///Users/e/Library/Developer/CoreSimulator/Devices/9FE75C2B-96C1-4E0D-B478-A2D9BD8A5395/data/Containers/Data/Application/D2F7C26B-72ED-4F2C-B957-F64BDD010CF8/Library/Cookies/Cookies.binarycookies
2014-11-01 19:50:23.564 FreezeRay3[72069:2093057] Apache Cordova native platform version 3.6.3 is starting.
2014-11-01 19:50:23.565 FreezeRay3[72069:2093057] Multi-tasking -> Device: YES, App: YES
2014-11-01 19:50:23.582 FreezeRay3[72069:2093057] Unlimited access to network resources
2014-11-01 19:50:23.929 FreezeRay3[72069:2093057] [CDVTimer][keyboard] 0.051022ms
2014-11-01 19:50:23.929 FreezeRay3[72069:2093057] [CDVTimer][TotalPluginStartup] 0.189006ms
2014-11-01 19:50:24.571 FreezeRay3[72069:2093057] Resetting plugins due to page load.
2014-11-01 19:50:24.807 FreezeRay3[72069:2093057] Finished load of: file:///Users/e/Library/Developer/CoreSimulator/Devices/9FE75C2B-96C1-4E0D-B478-A2D9BD8A5395/data/Containers/Bundle/Application/15D1EE99-52A4-4985-9916-9B61B64B6303/FreezeRay3.app/www/index.html#/welcome
